<?xml version="1.0" encoding="UTF-8"?>
<!-- Generated by org.testng.reporters.JUnitXMLReporter -->
<testsuite hostname="Aidans-MacBook-Pro.local" name="Command line test" tests="34" failures="3" timestamp="15 Apr 2018 17:39:04 GMT" time="47.231" errors="0">
  <testcase name="@BeforeClass setUp" time="0.0" classname="testNG.TestnG_parameters">
    <failure type="org.testng.TestNGException" message="
Parameter &amp;apos;browser&amp;apos; is required by @Configuration on method setUp but has not been marked @Optional or defined
">
      <![CDATA[org.testng.TestNGException: 
Parameter 'browser' is required by @Configuration on method setUp but has not been marked @Optional or defined

	at org.apache.maven.surefire.testng.TestNGExecutor.run(TestNGExecutor.java:77)
	at org.apache.maven.surefire.testng.TestNGDirectoryTestSuite.executeMulti(TestNGDirectoryTestSuite.java:159)
	at org.apache.maven.surefire.testng.TestNGDirectoryTestSuite.execute(TestNGDirectoryTestSuite.java:99)
	at org.apache.maven.surefire.testng.TestNGProvider.invoke(TestNGProvider.java:106)
	at org.apache.maven.surefire.util.ReflectionUtils.invokeMethodWithArray(ReflectionUtils.java:189)
	at org.apache.maven.surefire.booter.ProviderFactory$ProviderProxy.invoke(ProviderFactory.java:165)
	at org.apache.maven.surefire.booter.ProviderFactory.invokeProvider(ProviderFactory.java:85)
	at org.apache.maven.surefire.booter.ForkedBooter.runSuitesInProcess(ForkedBooter.java:115)
	at org.apache.maven.surefire.booter.ForkedBooter.main(ForkedBooter.java:75)
... Removed 22 stack frames]]>
    </failure>
  </testcase> <!-- @BeforeClass setUp -->
  <testcase name="@BeforeClass setUp" time="0.0" classname="testNG_practical_exam.TestnG_Parallel_practical1">
    <failure type="org.testng.TestNGException" message="
Parameter &amp;apos;browser&amp;apos; is required by @Configuration on method setUp but has not been marked @Optional or defined
">
      <![CDATA[org.testng.TestNGException: 
Parameter 'browser' is required by @Configuration on method setUp but has not been marked @Optional or defined

	at org.apache.maven.surefire.testng.TestNGExecutor.run(TestNGExecutor.java:77)
	at org.apache.maven.surefire.testng.TestNGDirectoryTestSuite.executeMulti(TestNGDirectoryTestSuite.java:159)
	at org.apache.maven.surefire.testng.TestNGDirectoryTestSuite.execute(TestNGDirectoryTestSuite.java:99)
	at org.apache.maven.surefire.testng.TestNGProvider.invoke(TestNGProvider.java:106)
	at org.apache.maven.surefire.util.ReflectionUtils.invokeMethodWithArray(ReflectionUtils.java:189)
	at org.apache.maven.surefire.booter.ProviderFactory$ProviderProxy.invoke(ProviderFactory.java:165)
	at org.apache.maven.surefire.booter.ProviderFactory.invokeProvider(ProviderFactory.java:85)
	at org.apache.maven.surefire.booter.ForkedBooter.runSuitesInProcess(ForkedBooter.java:115)
	at org.apache.maven.surefire.booter.ForkedBooter.main(ForkedBooter.java:75)
... Removed 22 stack frames]]>
    </failure>
  </testcase> <!-- @BeforeClass setUp -->
  <testcase name="test1_validLoginTest" time="17.541" classname="testNG.SeleniumLoginTest">
    <failure type="java.lang.AssertionError" message="expected [true] but found [false]">
      <![CDATA[java.lang.AssertionError: expected [true] but found [false]
	at testNG.SeleniumLoginTest.test1_validLoginTest(SeleniumLoginTest.java:75)
	at org.apache.maven.surefire.testng.TestNGExecutor.run(TestNGExecutor.java:77)
	at org.apache.maven.surefire.testng.TestNGDirectoryTestSuite.executeMulti(TestNGDirectoryTestSuite.java:159)
	at org.apache.maven.surefire.testng.TestNGDirectoryTestSuite.execute(TestNGDirectoryTestSuite.java:99)
	at org.apache.maven.surefire.testng.TestNGProvider.invoke(TestNGProvider.java:106)
	at org.apache.maven.surefire.util.ReflectionUtils.invokeMethodWithArray(ReflectionUtils.java:189)
	at org.apache.maven.surefire.booter.ProviderFactory$ProviderProxy.invoke(ProviderFactory.java:165)
	at org.apache.maven.surefire.booter.ProviderFactory.invokeProvider(ProviderFactory.java:85)
	at org.apache.maven.surefire.booter.ForkedBooter.runSuitesInProcess(ForkedBooter.java:115)
	at org.apache.maven.surefire.booter.ForkedBooter.main(ForkedBooter.java:75)
... Removed 29 stack frames]]>
    </failure>
  </testcase> <!-- test1_validLoginTest -->
  <testcase name="testMethod1" time="0.0" classname="testNG.TestnG_ListenersTest1"/>
  <testcase name="testMethod2" time="0.0" classname="testNG.TestnG_ListenersTest1"/>
  <testcase name="test1" time="6.005" classname="testNG.TestnG_Parallel2"/>
  <testcase name="test2" time="6.002" classname="testNG.TestnG_Parallel2"/>
  <testcase name="test3" time="0.001" classname="testNG.TestnG_Priority"/>
  <testcase name="testMethod1" time="0.0" classname="testNG.TestnG_ReportAndLogs"/>
  <testcase name="testMethod2" time="0.001" classname="testNG.TestnG_ReportAndLogs">
    <failure type="java.lang.AssertionError" message="expected [true] but found [false]">
      <![CDATA[java.lang.AssertionError: expected [true] but found [false]
	at testNG.TestnG_ReportAndLogs.testMethod2(TestnG_ReportAndLogs.java:37)
	at org.apache.maven.surefire.testng.TestNGExecutor.run(TestNGExecutor.java:77)
	at org.apache.maven.surefire.testng.TestNGDirectoryTestSuite.executeMulti(TestNGDirectoryTestSuite.java:159)
	at org.apache.maven.surefire.testng.TestNGDirectoryTestSuite.execute(TestNGDirectoryTestSuite.java:99)
	at org.apache.maven.surefire.testng.TestNGProvider.invoke(TestNGProvider.java:106)
	at org.apache.maven.surefire.util.ReflectionUtils.invokeMethodWithArray(ReflectionUtils.java:189)
	at org.apache.maven.surefire.booter.ProviderFactory$ProviderProxy.invoke(ProviderFactory.java:165)
	at org.apache.maven.surefire.booter.ProviderFactory.invokeProvider(ProviderFactory.java:85)
	at org.apache.maven.surefire.booter.ForkedBooter.runSuitesInProcess(ForkedBooter.java:115)
	at org.apache.maven.surefire.booter.ForkedBooter.main(ForkedBooter.java:75)
... Removed 29 stack frames]]>
    </failure>
  </testcase> <!-- testMethod2 -->
  <testcase name="setUp" time="0.0" classname="testNG.TestnG_TestAttributes"/>
  <testcase name="test4" time="0.305" classname="testNG.TestnG_TestAttributes"/>
  <testcase name="test2" time="0.0" classname="testNG.TestnG_TestAttributes"/>
  <testcase name="test5" time="0.0" classname="testNG.TestnG_TestAttributes"/>
  <testcase name="test1" time="0.0" classname="testNG.TestnG_parameters">
    <skipped/>
  </testcase> <!-- test1 -->
  <testcase name="loginTest" time="0.001" classname="testNG_practical_exam.TestnG_Parallel_practical1">
    <skipped/>
  </testcase> <!-- loginTest -->
  <testcase name="testMethod2" time="0.0" classname="testNG.TestnG_ITestResultDemo"/>
  <testcase name="testMethod1" time="0.0" classname="testNG.TestnG_ITestResultDemo">
    <failure type="java.lang.AssertionError" message="expected [true] but found [false]">
      <![CDATA[java.lang.AssertionError: expected [true] but found [false]
	at testNG.TestnG_ITestResultDemo.testMethod1(TestnG_ITestResultDemo.java:14)
	at org.apache.maven.surefire.testng.TestNGExecutor.run(TestNGExecutor.java:77)
	at org.apache.maven.surefire.testng.TestNGDirectoryTestSuite.executeMulti(TestNGDirectoryTestSuite.java:159)
	at org.apache.maven.surefire.testng.TestNGDirectoryTestSuite.execute(TestNGDirectoryTestSuite.java:99)
	at org.apache.maven.surefire.testng.TestNGProvider.invoke(TestNGProvider.java:106)
	at org.apache.maven.surefire.util.ReflectionUtils.invokeMethodWithArray(ReflectionUtils.java:189)
	at org.apache.maven.surefire.booter.ProviderFactory$ProviderProxy.invoke(ProviderFactory.java:165)
	at org.apache.maven.surefire.booter.ProviderFactory.invokeProvider(ProviderFactory.java:85)
	at org.apache.maven.surefire.booter.ForkedBooter.runSuitesInProcess(ForkedBooter.java:115)
	at org.apache.maven.surefire.booter.ForkedBooter.main(ForkedBooter.java:75)
... Removed 29 stack frames]]>
    </failure>
  </testcase> <!-- testMethod1 -->
  <testcase name="testAddString" time="0.001" classname="testNG.TestnG_Demo"/>
  <testcase name="testAddNumber" time="0.0" classname="testNG.TestnG_Demo"/>
  <testcase name="testGetArray" time="0.0" classname="testNG.TestnG_Demo"/>
  <testcase name="testMethod" time="0.001" classname="testNG.TestnG_DataProviders"/>
  <testcase name="testMethod" time="0.0" classname="testNG.TestnG_DataProviders"/>
  <testcase name="testMethod" time="0.0" classname="testNG.TestnG_DataProviders"/>
  <testcase name="test2" time="6.004" classname="testNG.TestnG_Parallel1"/>
  <testcase name="test1" time="6.005" classname="testNG.TestnG_Parallel1"/>
  <testcase name="test3" time="0.001" classname="testNG.TestnG_Groups"/>
  <testcase name="test2" time="0.0" classname="testNG.TestnG_Groups"/>
  <testcase name="test1" time="0.0" classname="testNG.TestnG_Groups"/>
  <testcase name="testMethod1" time="0.0" classname="testNG.TestnG_ListenersTest2"/>
  <testcase name="testMethod2" time="0.0" classname="testNG.TestnG_ListenersTest2"/>
  <testcase name="testAddNumber" time="0.008" classname="testNG.TestnG_SoftAssert"/>
  <testcase name="test2" time="0.001" classname="testNG.TestnG_Priority"/>
  <testcase name="test1" time="0.0" classname="testNG.TestnG_Priority"/>
  <testcase name="testMethod3" time="0.001" classname="testNG.TestnG_ReportAndLogs">
    <skipped/>
  </testcase> <!-- testMethod3 -->
  <testcase name="test10" time="0.0" classname="testNG.TestnG_TestAttributes"/>
</testsuite> <!-- Command line test -->
